2017-10-07 17:57:06 ERROR LoggingPlatform:45 - ERROR: column "json" is of type json but expression is of type character varying
  Hint: You will need to rewrite or cast the expression.
  Position: 31
org.postgresql.util.PSQLException: ERROR: column "json" is of type json but expression is of type character varying
  Hint: You will need to rewrite or cast the expression.
  Position: 31
	at org.postgresql.core.v3.QueryExecutorImpl.receiveErrorResponse(QueryExecutorImpl.java:2455)
	at org.postgresql.core.v3.QueryExecutorImpl.processResults(QueryExecutorImpl.java:2155)
	at org.postgresql.core.v3.QueryExecutorImpl.execute(QueryExecutorImpl.java:288)
	at org.postgresql.jdbc.PgStatement.executeInternal(PgStatement.java:430)
	at org.postgresql.jdbc.PgStatement.execute(PgStatement.java:356)
	at org.postgresql.jdbc.PgPreparedStatement.executeWithFlags(PgPreparedStatement.java:168)
	at org.postgresql.jdbc.PgPreparedStatement.execute(PgPreparedStatement.java:157)
	at org.topicquests.pg.PostgreSqlProvider.executeSQL(PostgreSqlProvider.java:182)
	at org.topicquests.pg.PostgreSqlProvider.executeSQL(PostgreSqlProvider.java:170)
	at devtests.ThirdTest.<init>(ThirdTest.java:38)
	at devtests.PgsqlDevTestMain.main(PgsqlDevTestMain.java:18)
2018-02-03 17:28:18 ERROR LoggingPlatform:45 - FATAL: password authentication failed for user "testuser"
org.postgresql.util.PSQLException: FATAL: password authentication failed for user "testuser"
	at org.postgresql.core.v3.ConnectionFactoryImpl.doAuthentication(ConnectionFactoryImpl.java:475)
	at org.postgresql.core.v3.ConnectionFactoryImpl.openConnectionImpl(ConnectionFactoryImpl.java:207)
	at org.postgresql.core.ConnectionFactory.openConnection(ConnectionFactory.java:49)
	at org.postgresql.jdbc.PgConnection.<init>(PgConnection.java:195)
	at org.postgresql.Driver.makeConnection(Driver.java:452)
	at org.postgresql.Driver.connect(Driver.java:254)
	at java.sql.DriverManager.getConnection(DriverManager.java:664)
	at java.sql.DriverManager.getConnection(DriverManager.java:208)
	at org.topicquests.pg.PostgreSqlProvider.getConnection(PostgreSqlProvider.java:51)
	at org.topicquests.pg.PostgreSqlProvider.getMapConnection(PostgreSqlProvider.java:350)
	at org.topicquests.pg.PostgreSqlProvider.executeSQL(PostgreSqlProvider.java:228)
	at devtests.ThirdTest.<init>(ThirdTest.java:38)
	at devtests.PgsqlDevTestMain.main(PgsqlDevTestMain.java:18)
2018-02-03 17:28:19 ERROR LoggingPlatform:45 - FATAL: password authentication failed for user "testuser"
org.postgresql.util.PSQLException: FATAL: password authentication failed for user "testuser"
	at org.postgresql.core.v3.ConnectionFactoryImpl.doAuthentication(ConnectionFactoryImpl.java:475)
	at org.postgresql.core.v3.ConnectionFactoryImpl.openConnectionImpl(ConnectionFactoryImpl.java:207)
	at org.postgresql.core.ConnectionFactory.openConnection(ConnectionFactory.java:49)
	at org.postgresql.jdbc.PgConnection.<init>(PgConnection.java:195)
	at org.postgresql.Driver.makeConnection(Driver.java:452)
	at org.postgresql.Driver.connect(Driver.java:254)
	at java.sql.DriverManager.getConnection(DriverManager.java:664)
	at java.sql.DriverManager.getConnection(DriverManager.java:208)
	at org.topicquests.pg.PostgreSqlProvider.getConnection(PostgreSqlProvider.java:51)
	at org.topicquests.pg.PostgreSqlProvider.getMapConnection(PostgreSqlProvider.java:350)
	at org.topicquests.pg.PostgreSqlProvider.executeSelect(PostgreSqlProvider.java:302)
	at devtests.ThirdTest.<init>(ThirdTest.java:42)
	at devtests.PgsqlDevTestMain.main(PgsqlDevTestMain.java:18)
2018-02-03 17:54:47 ERROR LoggingPlatform:45 - ERROR: relation "vertex" does not exist
  Position: 13
org.postgresql.util.PSQLException: ERROR: relation "vertex" does not exist
  Position: 13
	at org.postgresql.core.v3.QueryExecutorImpl.receiveErrorResponse(QueryExecutorImpl.java:2422)
	at org.postgresql.core.v3.QueryExecutorImpl.processResults(QueryExecutorImpl.java:2167)
	at org.postgresql.core.v3.QueryExecutorImpl.execute(QueryExecutorImpl.java:306)
	at org.postgresql.jdbc.PgStatement.executeInternal(PgStatement.java:441)
	at org.postgresql.jdbc.PgStatement.execute(PgStatement.java:365)
	at org.postgresql.jdbc.PgPreparedStatement.executeWithFlags(PgPreparedStatement.java:155)
	at org.postgresql.jdbc.PgPreparedStatement.execute(PgPreparedStatement.java:144)
	at org.topicquests.pg.PostgreSqlProvider.executeSQL(PostgreSqlProvider.java:245)
	at org.topicquests.pg.PostgreSqlProvider.executeSQL(PostgreSqlProvider.java:232)
	at devtests.ThirdTest.<init>(ThirdTest.java:38)
	at devtests.PgsqlDevTestMain.main(PgsqlDevTestMain.java:18)
2018-02-03 17:54:47 ERROR LoggingPlatform:45 - ERROR: relation "vertex" does not exist
  Position: 18
org.postgresql.util.PSQLException: ERROR: relation "vertex" does not exist
  Position: 18
	at org.postgresql.core.v3.QueryExecutorImpl.receiveErrorResponse(QueryExecutorImpl.java:2422)
	at org.postgresql.core.v3.QueryExecutorImpl.processResults(QueryExecutorImpl.java:2167)
	at org.postgresql.core.v3.QueryExecutorImpl.execute(QueryExecutorImpl.java:306)
	at org.postgresql.jdbc.PgStatement.executeInternal(PgStatement.java:441)
	at org.postgresql.jdbc.PgStatement.execute(PgStatement.java:365)
	at org.postgresql.jdbc.PgPreparedStatement.executeWithFlags(PgPreparedStatement.java:155)
	at org.postgresql.jdbc.PgPreparedStatement.executeQuery(PgPreparedStatement.java:118)
	at org.topicquests.pg.PostgreSqlProvider.executeSelect(PostgreSqlProvider.java:319)
	at org.topicquests.pg.PostgreSqlProvider.executeSelect(PostgreSqlProvider.java:306)
	at devtests.ThirdTest.<init>(ThirdTest.java:42)
	at devtests.PgsqlDevTestMain.main(PgsqlDevTestMain.java:18)
2018-02-03 18:01:51 DEBUG LoggingPlatform:38 - DROP INDEX IF EXISTS vid
2018-02-03 18:01:51 DEBUG LoggingPlatform:38 - DROP INDEX IF EXISTS eid
2018-02-03 18:01:51 DEBUG LoggingPlatform:38 - DROP TABLE IF EXISTS vertex
2018-02-03 18:01:51 DEBUG LoggingPlatform:38 - DROP TABLE IF EXISTS edge
2018-02-03 18:01:51 DEBUG LoggingPlatform:38 - CREATE TABLE IF NOT EXISTS vertex (id VARCHAR(64) PRIMARY KEY,json JSON NOT NULL)
2018-02-03 18:01:51 DEBUG LoggingPlatform:38 - CREATE TABLE IF NOT EXISTS edge (id VARCHAR(64) PRIMARY KEY,json JSON NOT NULL)
2018-02-03 18:01:51 DEBUG LoggingPlatform:38 - CREATE UNIQUE INDEX vid ON vertex(id)
2018-02-03 18:01:51 DEBUG LoggingPlatform:38 - CREATE UNIQUE INDEX eid ON edge(id)
2018-02-03 18:07:27 ERROR LoggingPlatform:45 - ERROR: column "json" is of type json but expression is of type character varying
  Hint: You will need to rewrite or cast the expression.
  Position: 31
org.postgresql.util.PSQLException: ERROR: column "json" is of type json but expression is of type character varying
  Hint: You will need to rewrite or cast the expression.
  Position: 31
	at org.postgresql.core.v3.QueryExecutorImpl.receiveErrorResponse(QueryExecutorImpl.java:2422)
	at org.postgresql.core.v3.QueryExecutorImpl.processResults(QueryExecutorImpl.java:2167)
	at org.postgresql.core.v3.QueryExecutorImpl.execute(QueryExecutorImpl.java:306)
	at org.postgresql.jdbc.PgStatement.executeInternal(PgStatement.java:441)
	at org.postgresql.jdbc.PgStatement.execute(PgStatement.java:365)
	at org.postgresql.jdbc.PgPreparedStatement.executeWithFlags(PgPreparedStatement.java:155)
	at org.postgresql.jdbc.PgPreparedStatement.execute(PgPreparedStatement.java:144)
	at org.topicquests.pg.PostgreSqlProvider.executeSQL(PostgreSqlProvider.java:245)
	at org.topicquests.pg.PostgreSqlProvider.executeSQL(PostgreSqlProvider.java:232)
	at devtests.ThirdTest.<init>(ThirdTest.java:38)
	at devtests.PgsqlDevTestMain.main(PgsqlDevTestMain.java:18)
2018-02-04 23:03:51 ERROR LoggingPlatform:45 - ERROR: column "json" is of type json but expression is of type character varying
  Hint: You will need to rewrite or cast the expression.
  Position: 31
org.postgresql.util.PSQLException: ERROR: column "json" is of type json but expression is of type character varying
  Hint: You will need to rewrite or cast the expression.
  Position: 31
	at org.postgresql.core.v3.QueryExecutorImpl.receiveErrorResponse(QueryExecutorImpl.java:2422)
	at org.postgresql.core.v3.QueryExecutorImpl.processResults(QueryExecutorImpl.java:2167)
	at org.postgresql.core.v3.QueryExecutorImpl.execute(QueryExecutorImpl.java:306)
	at org.postgresql.jdbc.PgStatement.executeInternal(PgStatement.java:441)
	at org.postgresql.jdbc.PgStatement.execute(PgStatement.java:365)
	at org.postgresql.jdbc.PgPreparedStatement.executeWithFlags(PgPreparedStatement.java:155)
	at org.postgresql.jdbc.PgPreparedStatement.execute(PgPreparedStatement.java:144)
	at org.topicquests.pg.PostgreSqlProvider.executeSQL(PostgreSqlProvider.java:245)
	at org.topicquests.pg.PostgreSqlProvider.executeSQL(PostgreSqlProvider.java:232)
	at devtests.ThirdTest.<init>(ThirdTest.java:38)
	at devtests.PgsqlDevTestMain.main(PgsqlDevTestMain.java:18)
